<?xml version="1.0" encoding="utf-8" standalone="no"?>
<test-run id="2" testcasecount="2" result="Failed" total="2" passed="1" failed="1" inconclusive="0" skipped="0" asserts="1" engine-version="3.4.1.0" clr-version="4.0.30319.42000" start-time="2016-07-21 16:44:13Z" end-time="2016-07-21 16:44:13Z" duration="0.323225">
  <command-line><![CDATA["D:\Santi\git\santi-psake-proto\packages\NUnit.ConsoleRunner.3.4.1\tools\nunit3-console.exe" D:\Santi\git\santi-psake-proto\.build\temp\_PublishedNUnitTests\WebApplication.NUnitTests\WebApplication.NUnitTests.dll --out D:\Santi\git\santi-psake-proto\.build\TestResults\NUnit\NUnit.xml --result nunit3]]></command-line>
  <test-suite type="Assembly" id="0-1003" name="WebApplication.NUnitTests.dll" fullname="D:\Santi\git\santi-psake-proto\.build\temp\_PublishedNUnitTests\WebApplication.NUnitTests\WebApplication.NUnitTests.dll" runstate="Runnable" testcasecount="2" result="Failed" site="Child" start-time="2016-07-21 16:44:13Z" end-time="2016-07-21 16:44:13Z" duration="0.230212" total="2" passed="1" failed="1" inconclusive="0" skipped="0" asserts="1">
    <environment framework-version="3.4.1.0" clr-version="4.0.30319.42000" os-version="Microsoft Windows NT 10.0.10586.0" platform="Win32NT" cwd="D:\Santi\git\santi-psake-proto\BuildScripts" machine-name="SANTIAGO01" user="Santiago" user-domain="SANTIAGO01" culture="en-US" uiculture="en-US" os-architecture="x64" />
    <settings>
      <setting name="WorkDirectory" value="D:\Santi\git\santi-psake-proto\BuildScripts" />
      <setting name="ImageRuntimeVersion" value="4.0.30319" />
      <setting name="ImageTargetFrameworkName" value=".NETFramework,Version=v4.5.2" />
      <setting name="ImageRequiresX86" value="False" />
      <setting name="ImageRequiresDefaultAppDomainAssemblyResolver" value="False" />
      <setting name="NumberOfTestWorkers" value="8" />
    </settings>
    <properties>
      <property name="_PID" value="2440" />
      <property name="_APPDOMAIN" value="test-domain-" />
    </properties>
    <failure>
      <message><![CDATA[One or more child tests had errors]]></message>
    </failure>
    <test-suite type="TestSuite" id="0-1004" name="WebApplication" fullname="WebApplication" runstate="Runnable" testcasecount="2" result="Failed" site="Child" start-time="2016-07-21 16:44:13Z" end-time="2016-07-21 16:44:13Z" duration="0.195805" total="2" passed="1" failed="1" inconclusive="0" skipped="0" asserts="1">
      <failure>
        <message><![CDATA[One or more child tests had errors]]></message>
      </failure>
      <test-suite type="TestSuite" id="0-1005" name="NUnitTests" fullname="WebApplication.NUnitTests" runstate="Runnable" testcasecount="2" result="Failed" site="Child" start-time="2016-07-21 16:44:13Z" end-time="2016-07-21 16:44:13Z" duration="0.192764" total="2" passed="1" failed="1" inconclusive="0" skipped="0" asserts="1">
        <failure>
          <message><![CDATA[One or more child tests had errors]]></message>
        </failure>
        <test-suite type="TestSuite" id="0-1006" name="Controllers" fullname="WebApplication.NUnitTests.Controllers" runstate="Runnable" testcasecount="2" result="Failed" site="Child" start-time="2016-07-21 16:44:13Z" end-time="2016-07-21 16:44:13Z" duration="0.188157" total="2" passed="1" failed="1" inconclusive="0" skipped="0" asserts="1">
          <failure>
            <message><![CDATA[One or more child tests had errors]]></message>
          </failure>
          <test-suite type="TestFixture" id="0-1000" name="HomeControllerTest" fullname="WebApplication.NUnitTests.Controllers.HomeControllerTest" classname="WebApplication.NUnitTests.Controllers.HomeControllerTest" runstate="Runnable" testcasecount="2" result="Failed" site="Child" start-time="2016-07-21 16:44:13Z" end-time="2016-07-21 16:44:13Z" duration="0.182507" total="2" passed="1" failed="1" inconclusive="0" skipped="0" asserts="1">
            <failure>
              <message><![CDATA[One or more child tests had errors]]></message>
            </failure>
            <test-case id="0-1001" name="Index" fullname="WebApplication.NUnitTests.Controllers.HomeControllerTest.Index" methodname="Index" classname="WebApplication.NUnitTests.Controllers.HomeControllerTest" runstate="Runnable" seed="1678580058" result="Passed" start-time="2016-07-21 16:44:13Z" end-time="2016-07-21 16:44:13Z" duration="0.096375" asserts="1" />
            <test-case id="0-1002" name="test_foo" fullname="WebApplication.NUnitTests.Controllers.HomeControllerTest.test_foo" methodname="test_foo" classname="WebApplication.NUnitTests.Controllers.HomeControllerTest" runstate="Runnable" seed="1540746251" result="Failed" start-time="2016-07-21 16:44:13Z" end-time="2016-07-21 16:44:13Z" duration="0.065433" asserts="0">
              <failure>
                <message><![CDATA[this test fails on purpose to see how build reports this]]></message>
                <stack-trace><![CDATA[at WebApplication.NUnitTests.Controllers.HomeControllerTest.test_foo() in D:\Santi\git\santi-psake-proto\WebApplication.NUnitTests\Controllers\HomeControllerTest.cs:line 27
]]></stack-trace>
              </failure>
            </test-case>
          </test-suite>
        </test-suite>
      </test-suite>
    </test-suite>
  </test-suite>
</test-run>